<?xml version="1.0" encoding="UTF-8"?>
<!-- Generated by org.testng.reporters.JUnitReportReporter -->
<testsuite hostname="Medge351" failures="0" tests="1" name="com.tideUS.testCases.TC001_SignupTest" time="9.877" errors="0" timestamp="29 Jul 2022 20:40:44 GMT" skipped="0">
  <testcase classname="com.tideUS.testCases.TC001_SignupTest" name="register" time="9.877"/>
</testsuite> <!-- com.tideUS.testCases.TC001_SignupTest -->
