<?xml version="1.0" encoding="UTF-8"?>
<!-- Generated by org.testng.reporters.JUnitReportReporter -->
<testsuite hostname="Medge351" failures="0" tests="1" name="com.tideUS.testCases.TC006_LoadsofHopeTest" time="2.923" errors="0" timestamp="29 Jul 2022 20:02:29 GMT" skipped="0">
  <testcase classname="com.tideUS.testCases.TC006_LoadsofHopeTest" name="hope" time="2.923"/>
</testsuite> <!-- com.tideUS.testCases.TC006_LoadsofHopeTest -->
