<?xml version="1.0" encoding="UTF-8"?>
<!-- Generated by org.testng.reporters.JUnitReportReporter -->
<testsuite hostname="Medge351" failures="0" tests="4" name="com.tideUS.testCases.BaseClass" time="0.000" errors="0" timestamp="29 Jul 2022 19:41:34 GMT" skipped="4">
  <testcase classname="com.tideUS.testCases.BaseClass" name="recover" time="0.000">
    <skipped/>
  </testcase> <!-- recover -->
  <testcase classname="com.tideUS.testCases.BaseClass" name="whatslatest" time="0.000">
    <skipped/>
  </testcase> <!-- whatslatest -->
  <testcase classname="com.tideUS.testCases.BaseClass" name="register" time="0.000">
    <skipped/>
  </testcase> <!-- register -->
  <testcase classname="com.tideUS.testCases.BaseClass" name="login" time="0.000">
    <skipped/>
  </testcase> <!-- login -->
</testsuite> <!-- com.tideUS.testCases.BaseClass -->
