<?xml version="1.0" encoding="UTF-8"?>
<!-- Generated by org.testng.reporters.JUnitReportReporter -->
<testsuite hostname="Medge351" failures="0" tests="1" name="com.tideUS.testCases.TC009_LatestnewsTest" time="2.276" errors="0" timestamp="29 Jul 2022 20:02:29 GMT" skipped="0">
  <testcase classname="com.tideUS.testCases.TC009_LatestnewsTest" name="whatslatest" time="2.276"/>
</testsuite> <!-- com.tideUS.testCases.TC009_LatestnewsTest -->
