<?xml version="1.0" encoding="UTF-8"?>
<!-- Generated by org.testng.reporters.JUnitReportReporter -->
<testsuite hostname="Medge351" failures="0" tests="1" name="com.tideUS.testCases.TC006_LoadsofHopeTest" time="3.120" errors="0" timestamp="28 Jul 2022 13:37:33 GMT" skipped="0">
  <testcase classname="com.tideUS.testCases.TC006_LoadsofHopeTest" name="hope" time="3.120"/>
</testsuite> <!-- com.tideUS.testCases.TC006_LoadsofHopeTest -->
